E:\C代码\比特66班\20190915B\20190915B\DEBUG\GAME.OBJ
E:\C代码\比特66班\20190915B\20190915B\DEBUG\TEST.OBJ
E:\C代码\比特66班\20190915B\20190915B\DEBUG\VC110.PDB
E:\C代码\比特66班\20190915B\DEBUG\20190915B.ILK
E:\C代码\比特66班\20190915B\DEBUG\20190915B.EXE
E:\C代码\比特66班\20190915B\DEBUG\20190915B.PDB
E:\C代码\比特66班\20190915B\20190915B\Debug\game.obj
E:\C代码\比特66班\20190915B\20190915B\Debug\test.obj
E:\C代码\比特66班\20190915B\20190915B\Debug\cl.command.1.tlog
E:\C代码\比特66班\20190915B\20190915B\Debug\CL.read.1.tlog
E:\C代码\比特66班\20190915B\20190915B\Debug\CL.write.1.tlog
E:\C代码\比特66班\20190915B\20190915B\Debug\link-cvtres.read.1.tlog
E:\C代码\比特66班\20190915B\20190915B\Debug\link-cvtres.write.1.tlog
E:\C代码\比特66班\20190915B\20190915B\Debug\link-rc.read.1.tlog
E:\C代码\比特66班\20190915B\20190915B\Debug\link-rc.write.1.tlog
E:\C代码\比特66班\20190915B\20190915B\Debug\link.command.1.tlog
E:\C代码\比特66班\20190915B\20190915B\Debug\link.read.1.tlog
E:\C代码\比特66班\20190915B\20190915B\Debug\link.write.1.tlog
E:\C代码\比特66班\20190915B\20190915B\Debug\vc110.idb
E:\C代码\比特66班\20190915B\20190915B\Debug\vc110.pdb
E:\C代码\比特66班\20190915B\Debug\20190915B.pdb
E:\C代码\比特66班\20190915B\Debug\20190915B.exe
E:\C代码\比特66班\20190915B\Debug\20190915B.ilk
